[ 2017-04-18T21:24:20+08:00 ] ::1 /APP/Public/images/directory.png
INFO: [ app_init ] --START--
INFO: Run Behavior\BuildLiteBehavior [ RunTime:0.000000s ]
INFO: [ app_init ] --END-- [ RunTime:0.001000s ]
ERR: 无法加载模块:Public

[ 2017-04-18T21:29:08+08:00 ] ::1 /APP/Public/images/tabicons.png
INFO: [ app_init ] --START--
INFO: Run Behavior\BuildLiteBehavior [ RunTime:0.000000s ]
INFO: [ app_init ] --END-- [ RunTime:0.000000s ]
ERR: 无法加载模块:Public

[ 2017-04-18T21:29:08+08:00 ] ::1 /APP/Public/images/directory.png
INFO: [ app_init ] --START--
INFO: Run Behavior\BuildLiteBehavior [ RunTime:0.000000s ]
INFO: [ app_init ] --END-- [ RunTime:0.000000s ]
ERR: 无法加载模块:Public

[ 2017-04-18T21:29:43+08:00 ] ::1 /APP/Public/images/tabicons.png
INFO: [ app_init ] --START--
INFO: Run Behavior\BuildLiteBehavior [ RunTime:0.000000s ]
INFO: [ app_init ] --END-- [ RunTime:0.000000s ]
ERR: 无法加载模块:Public

[ 2017-04-18T21:29:43+08:00 ] ::1 /APP/Public/images/directory.png
INFO: [ app_init ] --START--
INFO: Run Behavior\BuildLiteBehavior [ RunTime:0.000000s ]
INFO: [ app_init ] --END-- [ RunTime:0.000000s ]
ERR: 无法加载模块:Public

[ 2017-04-18T21:32:44+08:00 ] ::1 /APP/Public/images/tabicons.png
INFO: [ app_init ] --START--
INFO: Run Behavior\BuildLiteBehavior [ RunTime:0.000000s ]
INFO: [ app_init ] --END-- [ RunTime:0.000000s ]
ERR: 无法加载模块:Public

[ 2017-04-18T21:32:44+08:00 ] ::1 /APP/Public/images/directory.png
INFO: [ app_init ] --START--
INFO: Run Behavior\BuildLiteBehavior [ RunTime:0.000000s ]
INFO: [ app_init ] --END-- [ RunTime:0.001000s ]
ERR: 无法加载模块:Public

[ 2017-04-18T21:39:57+08:00 ] ::1 /APP/Public/images/blocks.gif
INFO: [ app_init ] --START--
INFO: Run Behavior\BuildLiteBehavior [ RunTime:0.000000s ]
INFO: [ app_init ] --END-- [ RunTime:0.000000s ]
ERR: 无法加载模块:Public

[ 2017-04-18T21:39:58+08:00 ] ::1 /APP/Public/images/blocks.gif
INFO: [ app_init ] --START--
INFO: Run Behavior\BuildLiteBehavior [ RunTime:0.000000s ]
INFO: [ app_init ] --END-- [ RunTime:0.001000s ]
ERR: 无法加载模块:Public

[ 2017-04-18T21:39:59+08:00 ] ::1 /APP/Public/images/blocks.gif
INFO: [ app_init ] --START--
INFO: Run Behavior\BuildLiteBehavior [ RunTime:0.000000s ]
INFO: [ app_init ] --END-- [ RunTime:0.000000s ]
ERR: 无法加载模块:Public

[ 2017-04-18T21:40:22+08:00 ] ::1 /APP/Public/images/blocks.gif
INFO: [ app_init ] --START--
INFO: Run Behavior\BuildLiteBehavior [ RunTime:0.001000s ]
INFO: [ app_init ] --END-- [ RunTime:0.001000s ]
ERR: 无法加载模块:Public

[ 2017-04-18T21:44:26+08:00 ] ::1 /APP/Public/img/blocks.gif
INFO: [ app_init ] --START--
INFO: Run Behavior\BuildLiteBehavior [ RunTime:0.000000s ]
INFO: [ app_init ] --END-- [ RunTime:0.000000s ]
ERR: 无法加载模块:Public

[ 2017-04-18T21:44:49+08:00 ] ::1 /APP/Public/img/blocks.gif
INFO: [ app_init ] --START--
INFO: Run Behavior\BuildLiteBehavior [ RunTime:0.000000s ]
INFO: [ app_init ] --END-- [ RunTime:0.000000s ]
ERR: 无法加载模块:Public

[ 2017-04-18T21:55:28+08:00 ] ::1 /APP/Public/images/tabicons.png
INFO: [ app_init ] --START--
INFO: Run Behavior\BuildLiteBehavior [ RunTime:0.000000s ]
INFO: [ app_init ] --END-- [ RunTime:0.000000s ]
ERR: 无法加载模块:Public

[ 2017-04-18T21:55:28+08:00 ] ::1 /APP/Public/images/directory.png
INFO: [ app_init ] --START--
INFO: Run Behavior\BuildLiteBehavior [ RunTime:0.000000s ]
INFO: [ app_init ] --END-- [ RunTime:0.001000s ]
ERR: 无法加载模块:Public

[ 2017-04-18T21:55:48+08:00 ] ::1 /APP/Public/images/directory.png
INFO: [ app_init ] --START--
INFO: Run Behavior\BuildLiteBehavior [ RunTime:0.000000s ]
INFO: [ app_init ] --END-- [ RunTime:0.001000s ]
ERR: 无法加载模块:Public

[ 2017-04-18T21:55:48+08:00 ] ::1 /APP/Public/images/tabicons.png
INFO: [ app_init ] --START--
INFO: Run Behavior\BuildLiteBehavior [ RunTime:0.000000s ]
INFO: [ app_init ] --END-- [ RunTime:0.001000s ]
ERR: 无法加载模块:Public

[ 2017-04-18T22:11:47+08:00 ] 127.0.0.1 /APP/Public/easyui/themes/default/images/layout_arrows.png
ERR: 无法加载模块:Public

[ 2017-04-18T22:11:47+08:00 ] 127.0.0.1 /APP/Public/easyui/themes/default/images/blank.gif
ERR: 无法加载模块:Public

[ 2017-04-18T22:11:47+08:00 ] 127.0.0.1 /APP/Public/easyui/themes/default/images/panel_tools.png
ERR: 无法加载模块:Public

[ 2017-04-18T22:11:47+08:00 ] 127.0.0.1 /APP/Public/images/tabicons.png
ERR: 无法加载模块:Public

[ 2017-04-18T22:11:47+08:00 ] 127.0.0.1 /APP/Public/images/directory.png
ERR: 无法加载模块:Public

[ 2017-04-18T22:12:18+08:00 ] ::1 /APP/Public/images/tabicons.png
ERR: 无法加载模块:Public

[ 2017-04-18T22:12:18+08:00 ] ::1 /APP/Public/images/directory.png
ERR: 无法加载模块:Public

[ 2017-04-18T22:30:15+08:00 ] 127.0.0.1 /APP/Public/easyui/themes/default/images/blank.gif
ERR: 无法加载模块:Public

[ 2017-04-18T22:30:15+08:00 ] 127.0.0.1 /APP/Public/easyui/themes/default/images/layout_arrows.png
ERR: 无法加载模块:Public

[ 2017-04-18T22:30:15+08:00 ] 127.0.0.1 /APP/Public/easyui/themes/default/images/panel_tools.png
ERR: 无法加载模块:Public

[ 2017-04-18T22:30:15+08:00 ] 127.0.0.1 /APP/Public/images/tabicons.png
ERR: 无法加载模块:Public

[ 2017-04-18T22:30:15+08:00 ] 127.0.0.1 /APP/Public/images/directory.png
ERR: 无法加载模块:Public

[ 2017-04-18T22:35:07+08:00 ] 127.0.0.1 /APP/Public/easyui/themes/default/images/tabs_icons.png
ERR: 无法加载模块:Public

[ 2017-04-18T22:46:40+08:00 ] 127.0.0.1 /APP/Public/images/tabicons.png
ERR: 无法加载模块:Public

[ 2017-04-18T22:46:50+08:00 ] 127.0.0.1 /APP/Public/images/tabicons.png
ERR: 无法加载模块:Public

[ 2017-04-18T22:49:30+08:00 ] 127.0.0.1 /APP/Public/images/tabicons.png
ERR: 无法加载模块:Public

[ 2017-04-18T22:49:40+08:00 ] 127.0.0.1 /APP/Public/images/tabicons.png
ERR: 无法加载模块:Public

[ 2017-04-18T22:55:51+08:00 ] 127.0.0.1 /APP/Public/images/tabicons.png
ERR: 无法加载模块:Public

[ 2017-04-18T22:55:51+08:00 ] 127.0.0.1 /APP/Public/images/directory.png
ERR: 无法加载模块:Public

